5 P H
10 P H
33 P H
66 J S
101 A D
117 A D
139 A D
142 P H
151 P H
163 A D
166 J S
176 P H
194 A D
201 A D
204 P H
220 P H
239 A D
254 A D
277 P H
278 P H
332 A D
339 P H
350 A D
358 A D
387 A D
411 A D
416 P H
429 A D
430 P H
437 A D
444 A D
445 P H
458 P H
459 J S
462 P H
496 J S
500 A D
526 A D
552 J S
565 J S
569 A D
599 A D
600 P H
609 P H
614 J S
633 A D
634 J S
648 A D
656 A D
684 P H
699 P H
704 P H
708 P H
712 J S
745 J S
754 J S
792 A D
795 J S
813 P H
838 A D
845 A D
849 P H
852 A D
867 J S
868 P H
869 P H
872 J S
875 A D
891 P H
900 A D
911 A D
914 P H
920 P H
938 A D
954 J S
955 P H
967 A D
976 A D
982 A D
983 A D
988 J S
992 A D
996 P H
998 J S
1029 P H
1065 P H
1067 P H
1135 J S
1149 P H
1168 P H
1200 P H
1207 P H
1208 P H
1238 A D
1253 J S
1255 A D
1261 P H
1266 P H
1267 A D
1292 P H
1330 P H
1332 P H
1354 A D
1369 J S
1376 P H
1389 P H
1398 P H
1408 P H
1411 A D
1419 P H
1425 J S
1446 J S
1453 P H
1462 A D
1467 P H
1471 A D
1483 A D
1528 P H
1541 J S
1552 P H
1553 A D
1593 P H
1607 P H
1608 A D
1645 P H
1649 A D
1689 P H
1712 P H
1737 P H
1746 J S
1755 A D
1760 A D
1769 P H
1770 A D
1775 A D
1801 A D
1802 P H
1830 J S
1849 A D
1878 A D
1882 J S
1892 A D
1907 A D
1940 P H
1944 P H
1949 A D
1951 P H
1955 A D
1959 A D
1962 P H
1977 P H
1990 A D
1992 P H
2014 A D
2023 A D
2035 J S
2077 P H
2081 A D
2084 J S
2088 A D
2105 P H
2128 P H
2152 P H
2181 P H
2253 J S
2272 A D
2277 P H
2283 J S
2296 J S
2303 A D
2315 J S
2322 P H
2418 J S
2441 A D
2458 P H
2494 A D
2534 A D
2566 P H
2567 P H
2569 A D
2578 A D
2604 J S
2627 A D
2638 A D
2666 A D
2679 P H
2683 A D
2703 J S
2721 J S
2724 J S
2747 J S
2810 A D
2815 P H
2841 A D
2907 P H
2938 A D
2947 A D
2957 J S
2975 A D
2982 P H
2994 J S
3002 A D
3011 P H
3031 P H
3064 P H
3078 A D
3092 J S
3098 P H
3099 P H
3100 A D
3117 J S
3139 A D
3176 A D
3194 P H
3197 J S
3203 J S
3225 P H
3228 A D
3250 P H
3253 P H
3269 J S
3271 A D
3273 A D
3278 P H
3281 A D
3284 P H
3293 J S
3306 A D
3309 P H
3310 A D
3318 J S
3331 A D
3348 P H
3372 P H
3380 J S
3387 P H
3413 A D
3438 P H
3481 J S
3482 A D
3525 J S
3529 P H
3561 A D
3627 P H
3632 A C
3681 P H
3684 P H
3725 P H
3729 P H
3777 A D
3794 P H
3807 P H
3847 A D
3860 A D
3863 A D
3866 J S
3906 J S
4000 A D
4002 P H
4003 P H
4008 A D
4012 J S
4075 A D
4105 A D
4115 P H
4139 J S
4175 A D
4200 A D
4210 P H
4228 P H
4241 A D
4252 P H
4259 A D
4265 P H
4282 P H
4294 A D
4295 P H
4327 J S
4399 P H
4409 J S
4443 P H
4465 P H
4491 A D
4493 J S
4520 A D
4524 P H
4525 A D
4535 P H
4540 P H
4552 P H
4556 P H
4559 A D
4577 A D
4596 P H
4621 J S
4633 A D
4637 J S
4644 P H
4649 J S
4668 A D
4671 J S
4694 P H
4712 A D
4716 A D
4740 P H
4750 J S
4772 A D
4777 A D
4791 P H
4806 P H
4822 A D
4834 P H
4859 P H
4906 P H
4916 P H
4946 P H
4989 A D
4994 P H
5010 P H
5051 P H
5053 P H
5074 A D
5131 A D
5144 J S
5212 A D
5223 P H
5232 P H
5243 J S
5244 A D
5250 P H
5270 P H
5286 P H
5289 P H
5290 A D
5291 P H
5302 A D
5307 J S
5337 A D
5343 A D
5354 A D
5365 A D
5374 J S
5381 J S
5392 J S
5401 J S
5409 A D
5410 J S
5411 P H
5421 A D
5444 J S
5458 P H
5460 J S
5478 J S
5502 A D
5512 P H
5514 A D
5530 P H
5544 A D
5571 A D
5574 A D
5581 P H
5611 J S
5636 P H
5656 J S
5700 A D
5716 J S
5738 A D
5741 P H
5781 P H
5788 A D
5812 P H
5817 A D
5819 P H
5829 P H
5856 P H
5860 A D
5904 P H
5912 P H
5914 A D
5923 P H
5928 P H
5939 A D
5944 A B
5949 P H
5984 A D
5985 A D
5986 J S
5991 A D
6015 A D
6023 A D
6029 P H
6036 J S
6052 P H
6093 P H
6097 J S
6120 A D
6149 J S
6153 J S
6155 P H
6173 J S
6177 P H
6193 A D
6205 P H
6217 P H
6224 P H
6230 J S
6237 P H
6248 A D
6257 J S
6267 P H
6270 P H
6315 A D
6331 A D
6354 J S
6364 J S
6379 A D
6417 P H
6426 A D
6449 P H
6476 J S
6477 P H
6486 J S
6488 P H
6505 P H
6540 J S
6568 J S
6573 A D
6576 P H
6591 A D
6596 A D
6611 P H
6616 P H
6631 A D
6636 P H
6643 J S
6645 P H
6657 A D
6663 A D
6678 P H
6703 A D
6719 J S
6721 J S
6737 A D
6763 A D
6769 P H
6781 J S
6792 A D
6837 P H
6844 A D
6910 J S
6916 A D
6937 A D
6950 P H
6952 J S
6979 P H
6996 P H
7030 P H
7050 P H
7058 P H
7077 J S
7083 A D
7089 P H
7094 J S
7101 P H
7106 A D
7127 P H
7129 P H
7140 P H
7200 P H
7201 A D
7205 P H
7242 A D
7260 J S
7266 A D
7284 J S
7298 A D
7332 J S
7336 P H
7342 A D
7347 J S
7350 J S
7356 J S
7375 P H
7386 P H
7428 P H
7432 A D
7434 A D
7440 A D
7515 J S
7542 P H
7544 P H
7549 P H
7560 J S
7568 P H
7571 A D
7614 J S
7617 A D
7640 P H
7643 A D
7668 P H
7672 A D
7704 A D
7708 A D
7710 A D
7736 A D
7771 P H
7799 A D
7815 A D
7825 A D
7826 P H
7830 A D
7843 A D
7847 A D
7864 J S
7876 P H
7907 A D
7909 A D
7914 P H
7915 P H
7922 P H
7943 P H
7984 J S
7994 P H
7997 P H
8014 A D
8046 P H
8072 P H
8073 A D
8100 P H
8124 A D
8129 J S
8135 J S
8147 P H
8159 J S
8171 P H
8196 J S
8201 J S
8204 J S
8206 P H
8207 P H
8216 J S
8239 J S
8242 P H
8257 J S
8262 P H
8277 P H
8317 A D
8324 A D
8327 J S
8346 A D
8367 A D
8376 A D
8384 A D
8388 J S
8393 A D
8412 J S
8413 P H
8445 J S
8446 P H
8454 A D
8489 P H
8506 J S
8510 J S
8512 J S
8516 J S
8519 P H
8521 A D
8523 P H
8532 P H
8553 P H
8575 J S
8640 A D
8641 J S
8658 P H
8666 P H
8698 A A
8717 P H
8737 J S
8747 P H
8749 P H
8798 P H
8859 P H
8913 A D
8944 P H
8956 A D
8960 A D
8961 P H
8980 P H
8986 A D
9019 A D
9039 P H
9053 P H
9071 P H
9078 A D
9090 A D
9097 A D
9099 A D
9115 A D
9120 P H
9131 P H
9151 J S
9178 P H
9179 J S
9191 P H
9203 A D
9213 A D
9232 A D
9234 J S
9237 A D
9238 P H
9250 A D
9269 P H
9275 P H
9281 J S
9284 P H
9285 J S
9289 J S
9307 A D
9308 P H
9313 A D
9320 P H
9324 A D
9334 A D
9348 P H
9358 A D
9381 J S
9393 P H
9403 J S
9443 A D
9451 J S
9454 A D
9469 P H
9478 P H
9494 A D
9495 P H
9498 P H
9512 P H
9531 A D
9536 A D
9579 P H
9582 A D
9583 J S
9593 A D
9601 J S
9608 J S
9619 P H
9621 A D
9626 A D
9630 P H
9639 P H
9648 J S
9649 P H
9661 A D
9688 A D
9704 P H
9710 J S
9753 P H
9764 A D
9781 J S
9782 P H
9797 A D
9803 P H
9826 A D
9830 A D
9833 P H
9856 P H
9863 A D
9900 A D
9905 J S
9906 A D
9910 A D
9913 A D
9916 P H
9921 P H
9961 P H
9966 P H
