5 P H
10 V L
33 Z S
66 J S
101 A D
117 C Y
139 E M
142 V U
151 Q R
163 D E
166 M O
176 V I
194 H H
201 I G
204 S V
220 W Q
239 A L
254 G Z
277 T N
278 V R
332 F B
339 U L
350 E R
358 D I
387 G X
411 E Y
416 T R
429 I Y
430 Y L
437 E L
444 F R
445 Q A
458 S H
459 K C
462 U R
496 L I
500 C G
526 H M
552 N C
565 L G
569 E J
599 H P
600 S J
609 X U
614 K O
633 J H
634 L K
648 D T
656 E P
684 V B
699 Z D
704 Y J
708 W L
712 N S
745 L X
754 K W
792 J Q
795 M M
813 W P
838 I U
845 G W
849 V F
852 C N
867 P B
868 V H
869 Z M
872 K S
875 A S
891 R E
900 F I
911 E E
914 V C
920 W B
938 B J
954 K Y
955 S B
967 F V
976 B W
982 J P
983 A Z
988 N F
992 F S
996 R D
998 K L
1029 R P
1065 Z E
1067 V S
1135 O G
1149 Q P
1168 R Y
1200 V V
1207 W I
1208 U C
1238 A G
1253 N L
1255 J O
1261 T I
1266 S K
1267 C J
1292 R R
1330 W W
1332 W C
1354 I F
1369 K X
1376 W K
1389 W V
1398 U J
1408 V D
1411 C F
1419 Z N
1425 O Y
1446 K F
1453 P K
1462 J N
1467 T X
1471 C T
1483 I C
1528 R G
1541 M V
1552 T L
1553 H R
1593 Z X
1607 T G
1608 J M
1645 S F
1649 I X
1689 Y T
1712 S P
1737 Y S
1746 O R
1755 J R
1760 C Z
1769 X G
1770 E D
1775 D K
1801 J I
1802 S W
1830 L M
1849 H N
1878 H Q
1882 L Z
1892 C K
1907 H O
1940 X I
1944 W A
1949 C M
1951 R O
1955 A V
1959 A E
1962 X L
1977 P R
1990 D Z
1992 Q V
2014 G I
2023 J B
2035 K A
2077 P T
2081 E U
2084 K K
2088 G K
2105 Z U
2128 S T
2152 Q G
2181 T T
2253 M F
2272 G P
2277 P P
2283 K I
2296 O N
2303 E H
2315 O K
2322 W T
2418 N O
2441 D R
2458 Q B
2494 J K
2534 C W
2566 T A
2567 X M
2569 G L
2578 G H
2604 O B
2627 E N
2638 J D
2666 E K
2679 Q C
2683 D B
2703 K D
2721 K H
2724 M G
2747 N V
2810 D J
2815 R W
2841 F A
2907 T Z
2938 H E
2947 B S
2957 O V
2975 D N
2982 W H
2994 L H
3002 E X
3011 R S
3031 U E
3064 X V
3078 E A
3092 K J
3098 S E
3099 U K
3100 H B
3117 O J
3139 D F
3176 D Y
3194 W F
3197 J V
3203 O Z
3225 Y V
3228 H J
3250 X Z
3253 V T
3269 M R
3271 B U
3273 C H
3278 U Z
3281 J E
3284 W D
3293 K U
3306 A R
3309 P X
3310 E O
3318 J Z
3331 G U
3348 U N
3372 Q J
3380 K E
3387 W S
3413 E S
3438 X X
3481 M U
3482 F N
3525 L Q
3529 U O
3561 B V
3627 T O
3632 A C
3681 V G
3684 Q T
3725 R A
3729 R B
3777 A W
3794 W U
3807 T H
3847 F F
3860 H D
3863 D A
3866 L W
3906 L P
4000 B G
4002 Z L
4003 Q N
4008 H X
4012 J T
4075 D L
4105 D V
4115 S N
4139 N P
4175 D Q
4200 H F
4210 T Y
4228 U M
4241 H G
4252 X J
4259 E V
4265 V P
4282 X B
4294 F C
4295 Q D
4327 N Q
4399 P S
4409 M S
4443 V Y
4465 R V
4491 F Z
4493 N K
4520 A P
4524 R K
4525 F D
4535 U X
4540 Y D
4552 T W
4556 W Y
4559 A F
4577 I N
4596 R L
4621 M Z
4633 G B
4637 M T
4644 V A
4649 K N
4668 B C
4671 M Q
4694 R H
4712 I Q
4716 I M
4740 R J
4750 M X
4772 I A
4777 G Q
4791 U D
4806 V K
4822 I V
4834 W J
4859 P L
4906 P W
4916 X C
4946 T J
4989 B H
4994 U A
5010 Z K
5051 X O
5053 P V
5074 G F
5131 B F
5144 J X
5212 H Y
5223 Z I
5232 Z T
5243 O S
5244 G A
5250 V O
5270 V W
5286 Q W
5289 Y W
5290 H W
5291 R M
5302 C B
5307 L E
5337 G M
5343 A O
5354 A H
5365 G E
5374 N I
5381 O C
5392 N G
5401 K M
5409 E F
5410 N H
5411 Q F
5421 F K
5444 O I
5458 S A
5460 M J
5478 L V
5502 G C
5512 V M
5514 E T
5530 W O
5544 G R
5571 E Q
5574 I D
5581 Q X
5611 M D
5636 Z C
5656 M Y
5700 A Q
5716 O W
5738 G T
5741 X T
5781 S L
5788 I O
5812 Y C
5817 B M
5819 Q M
5829 X S
5856 R I
5860 E Z
5904 R N
5912 Q K
5914 D G
5923 Q Q
5928 X R
5939 I R
5944 A B
5949 Z O
5984 F M
5985 J C
5986 J U
5991 H A
6015 I B
6023 B B
6029 U Y
6036 L J
6052 Y B
6093 T U
6097 M E
6120 C E
6149 P C
6153 O A
6155 Y G
6173 O O
6177 Q Y
6193 H I
6205 Z P
6217 R C
6224 Q U
6230 N N
6237 U U
6248 I T
6257 L F
6267 S S
6270 Y F
6315 B Q
6331 B O
6354 N M
6364 L T
6379 G N
6417 Y O
6426 H K
6449 Z Y
6476 K V
6477 Y Y
6486 M I
6488 Q S
6505 R Z
6540 P F
6568 N T
6573 D O
6576 Z H
6591 A N
6596 I J
6611 T P
6616 Z Q
6631 C C
6636 U T
6643 O M
6645 S O
6657 I E
6663 D U
6678 Y K
6703 H Z
6719 K T
6721 O T
6737 A I
6763 B N
6769 Z R
6781 K G
6792 D X
6837 U Q
6844 A J
6910 L O
6916 J G
6937 F G
6950 W E
6952 M N
6979 P M
6996 P N
7030 W Z
7050 W X
7058 W G
7077 N W
7083 B P
7089 P U
7094 M A
7101 Y A
7106 I W
7127 Y Q
7129 Q I
7140 T M
7200 Z Z
7201 G G
7205 V J
7242 I P
7260 L A
7266 B D
7284 L N
7298 B A
7332 N U
7336 X Y
7342 F E
7347 K B
7350 K Q
7356 O Q
7375 S Q
7386 Q L
7428 Z B
7432 J L
7434 F L
7440 A M
7515 N B
7542 Z G
7544 X A
7549 Z F
7560 N E
7568 Y R
7571 I K
7614 O H
7617 H L
7640 Y M
7643 E C
7668 Y I
7672 B L
7704 F Q
7708 G D
7710 A K
7736 D M
7771 P O
7799 A Y
7815 G V
7825 F T
7826 Z V
7830 H S
7843 C P
7847 C S
7864 L L
7876 S G
7907 E B
7909 F O
7914 T V
7915 U S
7922 Y P
7943 Z W
7984 K P
7994 T K
7997 V Q
8014 A X
8046 T Q
8072 R F
8073 G S
8100 S Y
8124 H C
8129 M P
8135 M K
8147 S M
8159 N D
8171 S D
8196 L C
8201 K R
8204 N Z
8206 T F
8207 R U
8216 J W
8239 O U
8242 P Y
8257 L R
8262 U I
8277 Q E
8317 J A
8324 G Y
8327 M B
8346 C I
8367 B X
8376 I I
8384 C X
8388 P E
8393 F W
8412 L D
8413 U H
8445 O P
8446 W N
8454 B R
8489 R T
8506 M W
8510 O X
8512 O D
8516 O F
8519 Z A
8521 C A
8523 R X
8532 U F
8553 T E
8575 M C
8640 E W
8641 N Y
8658 P J
8666 X F
8717 T D
8737 P G
8747 X K
8749 X D
8798 Y H
8859 U W
8913 H T
8944 X H
8956 G O
8960 J F
8961 Q H
8980 X Q
8986 D P
9019 H U
9039 V E
9053 Z J
9071 S Z
9078 B Z
9090 E G
9097 B T
9099 I L
9115 C L
9120 P I
9131 S C
9151 N A
9178 U V
9179 N R
9191 W R
9203 F U
9213 C O
9232 D S
9234 P A
9237 D W
9238 V N
9250 H V
9269 T B
9275 R Q
9281 O E
9284 S X
9285 J Y
9289 L B
9307 G J
9308 T S
9313 C U
9320 U P
9324 E I
9334 F X
9348 V Z
9358 C R
9381 L Y
9393 W M
9403 M L
9443 C Q
9451 P D
9454 I S
9469 P Q
9478 X P
9494 F P
9495 U G
9498 Q O
9512 Y E
9531 C V
9536 D D
9579 S R
9582 A U
9583 L U
9593 I Z
9601 L S
9608 M H
9619 S U
9621 B I
9626 J J
9630 Y N
9639 Q Z
9648 N J
9649 U B
9661 F H
9688 I H
9704 Y U
9710 K Z
9753 Y X
9764 B K
9781 O L
9782 X W
9797 B E
9803 P Z
9826 F J
9830 D H
9833 X E
9856 V X
9863 B Y
9900 A T
9905 N X
9906 D C
9910 C D
9913 F Y
9916 S I
9921 T C
9961 Y Z
9966 X N
8698 A A
