7 200 Z
A 9961 Y
A 3250 X
A 7030 W
A 9348 V
A 3278 U
A 2907 T
A 9071 S
A 6505 R
A 9639 Q
A 9803 P
A 3203 O
A 8204 N
A 4621 M
A 1882 L
A 9710 K
A 3318 J
A 9593 I
A 6703 H
A 254 G
A 4491 F
A 5860 E
A 1990 D
A 1760 C
A 9078 B
A 983 A
B 8519 Z
B 7101 Y
B 7544 X
B 1944 W
B 4644 V
B 4994 U
B 2566 T
B 5458 S
B 3725 R
B 445 Q
B 9234 P
B 6153 O
B 9151 N
B 7094 M
B 7260 L
B 2035 K
B 8317 J
B 4772 I
B 5991 H
B 5244 G
B 2841 F
B 3078 E
B 3863 D
B 8521 C
B 7298 B
B 8698 A
C 7428 Z
C 6052 Y
C 4282 X
C 920 W
C 684 V
C 9649 U
C 9269 T
C 955 S
C 3729 R
C 2458 Q
C 867 P
C 2604 O
C 7515 N
C 8327 M
C 9289 L
C 7347 K
C 2023 J
C 6015 I
C 3100 H
C 4633 G
C 332 F
C 7907 E
C 2683 D
C 5302 C
C 6023 B
C 5944 A
D 5636 Z
D 5812 Y
D 4916 X
D 1332 W
D 914 V
D 1208 U
D 9921 T
D 9131 S
D 6217 R
D 2679 Q
D 6149 P
D 5381 O
D 552 N
D 8575 M
D 8196 L
D 459 K
D 5985 J
D 1483 I
D 8124 H
D 5502 G
D 4294 F
D 7643 E
D 9906 D
D 6631 C
D 4668 B
D 3632 A
E 699 Z
E 4540 Y
E 8749 X
E 3284 W
E 1408 V
E 4791 U
E 8717 T
E 8171 S
E 996 R
E 4295 Q
E 9451 P
E 8512 O
E 8159 N
E 5611 M
E 8412 L
E 2703 K
E 2638 J
E 5574 I
E 3860 H
E 7708 G
E 4525 F
E 1770 E
E 9536 D
E 9910 C
E 7266 B
E 101 A
F 1065 Z
F 9512 Y
F 9833 X
F 6950 W
F 9039 V
F 3031 U
F 8553 T
F 3098 S
F 891 R
F 8277 Q
F 8388 P
F 9281 O
F 7560 N
F 6097 M
F 5307 L
F 3380 K
F 3281 J
F 6657 I
F 2938 H
F 5365 G
F 7342 F
F 911 E
F 163 D
F 6120 C
F 9797 B
F 1959 A
G 7549 Z
G 6270 Y
G 8666 X
G 3194 W
G 849 V
G 8532 U
G 8206 T
G 1645 S
G 8072 R
G 5411 Q
G 6540 P
G 8516 O
G 988 N
G 2253 M
G 6257 L
G 1446 K
G 8960 J
G 1354 I
G 4200 H
G 5074 G
G 3847 F
G 5409 E
G 3139 D
G 1411 C
G 5131 B
G 4559 A
H 7542 Z
H 6155 Y
H 1769 X
H 7058 W
H 3681 V
H 9495 U
H 1607 T
H 7876 S
H 1528 R
H 2152 Q
H 8737 P
H 1135 O
H 5392 N
H 2724 M
H 565 L
H 6781 K
H 6916 J
H 201 I
H 4241 H
H 7201 G
H 6937 F
H 9090 E
H 5914 D
H 500 C
H 4000 B
H 1238 A
I 6576 Z
I 8798 Y
I 8944 X
I 2982 W
I 868 V
I 8413 U
I 3807 T
I 458 S
I 4694 R
I 8961 Q
I 5 P
I 7614 O
I 5410 N
I 9608 M
I 2994 L
I 2721 K
I 633 J
I 9688 I
I 194 H
I 2578 G
I 9661 F
I 2303 E
I 9830 D
I 3273 C
I 4989 B
I 5354 A
J 5223 Z
J 7668 Y
J 1940 X
J 1207 W
J 176 V
J 8262 U
J 1261 T
J 9916 S
J 5856 R
J 7129 Q
J 9120 P
J 5444 O
J 5374 N
J 6486 M
J 496 L
J 2283 K
J 1801 J
J 8376 I
J 6193 H
J 2014 G
J 900 F
J 9324 E
J 358 D
J 8346 C
J 9621 B
J 6737 A
K 9053 Z
K 704 Y
K 4252 X
K 4834 W
K 7205 V
K 1398 U
K 4946 T
K 600 S
K 4740 R
K 3372 Q
K 8658 P
K 3117 O
K 9648 N
K 5460 M
K 6036 L
K 3092 K
K 9626 J
K 6596 I
K 3228 H
K 9307 G
K 9826 F
K 569 E
K 2810 D
K 1267 C
K 938 B
K 6844 A
L 5010 Z
L 6678 Y
L 8747 X
L 1376 W
L 4806 V
L 3099 U
L 7994 T
L 1266 S
L 4524 R
L 5912 Q
L 1453 P
L 2315 O
L 4493 N
L 8135 M
L 634 L
L 2084 K
L 2494 J
L 7571 I
L 6426 H
L 2088 G
L 5421 F
L 2666 E
L 1775 D
L 1892 C
L 9764 B
L 7710 A
M 4002 Z
M 430 Y
M 1962 X
M 708 W
M 10 V
M 339 U
M 1552 T
M 5781 S
M 4596 R
M 7386 Q
M 4859 P
M 9781 O
M 1253 N
M 9403 M
M 7864 L
M 998 K
M 7432 J
M 9099 I
M 7617 H
M 2569 G
M 7434 F
M 437 E
M 4075 D
M 9115 C
M 7672 B
M 239 A
N 869 Z
N 7640 Y
N 2567 X
N 9393 W
N 5512 V
N 4228 U
N 7140 T
N 8147 S
N 5291 R
N 5819 Q
N 6979 P
N 6643 O
N 6354 N
N 795 M
N 1830 L
N 5401 K
N 1608 J
N 4716 I
N 526 H
N 5337 G
N 5984 F
N 139 E
N 7736 D
N 1949 C
N 5817 B
N 7440 A
O 1419 Z
O 9630 Y
O 9966 X
O 8446 W
O 9238 V
O 3348 U
O 277 T
O 4115 S
O 5904 R
O 4003 Q
O 6996 P
O 2296 O
O 6230 N
O 6952 M
O 7284 L
O 4649 K
O 1462 J
O 4577 I
O 1849 H
O 6379 G
O 3482 F
O 2627 E
O 2975 D
O 852 C
O 6763 B
O 6591 A
P 5949 Z
P 6417 Y
P 5051 X
P 5530 W
P 5250 V
P 3529 U
P 3627 T
P 6645 S
P 1951 R
P 9498 Q
P 7771 P
P 6173 O
P 2418 N
P 166 M
P 6910 L
P 614 K
P 1255 J
P 5788 I
P 1907 H
P 8956 G
P 7909 F
P 3310 E
P 6573 D
P 9213 C
P 6331 B
P 5343 A
Q 6205 Z
Q 7922 Y
Q 9478 X
Q 813 W
Q 4265 V
Q 9320 U
Q 6611 T
Q 1712 S
Q 1029 R
Q 1149 Q
Q 2277 P
Q 8445 O
Q 4139 N
Q 8129 M
Q 3906 L
Q 7984 K
Q 982 J
Q 7242 I
Q 599 H
Q 2272 G
Q 9494 F
Q 656 E
Q 8986 D
Q 7843 C
Q 7083 B
Q 4520 A
R 6616 Z
R 7127 Y
R 8980 X
R 220 W
R 7997 V
R 6837 U
R 8046 T
R 7375 S
R 9275 R
R 5923 Q
R 9469 P
R 7356 O
R 4327 N
R 4671 M
R 3525 L
R 7350 K
R 792 J
R 4712 I
R 1878 H
R 4777 G
R 7704 F
R 5571 E
R 4175 D
R 9443 C
R 6315 B
R 5700 A
S 6769 Z
S 7568 Y
S 5928 X
S 9191 W
S 278 V
S 462 U
S 416 T
S 9579 S
S 1292 R
S 151 Q
S 1977 P
S 1746 O
S 9179 N
S 3269 M
S 8257 L
S 8201 K
S 1755 J
S 5939 I
S 1553 H
S 5544 G
S 444 F
S 350 E
S 2441 D
S 9358 C
S 8454 B
S 3306 A
T 33 Z
T 1737 Y
T 5829 X
T 3387 W
T 1067 V
T 7915 U
T 9308 T
T 6267 S
T 3011 R
T 6488 Q
T 4399 P
T 5243 O
T 712 N
T 4409 M
T 9601 L
T 872 K
T 66 J
T 9454 I
T 7830 H
T 8073 G
T 992 F
T 3413 E
T 9232 D
T 7847 C
T 2947 B
T 875 A
U 5232 Z
U 1689 Y
U 5741 X
U 2322 W
U 3253 V
U 6636 U
U 2181 T
U 2128 S
U 8489 R
U 3684 Q
U 2077 P
U 6721 O
U 6568 N
U 4637 M
U 6364 L
U 6719 K
U 4012 J
U 6248 I
U 8913 H
U 5738 G
U 7825 F
U 5514 E
U 648 D
U 1471 C
U 9097 B
U 9900 A
V 2105 Z
V 9704 Y
V 609 X
V 3794 W
V 142 V
V 6237 U
V 6093 T
V 9619 S
V 8207 R
V 6224 Q
V 7089 P
V 8239 O
V 7332 N
V 3481 M
V 9583 L
V 3293 K
V 5986 J
V 838 I
V 9019 H
V 3331 G
V 9203 F
V 2081 E
V 6663 D
V 9313 C
V 3271 B
V 9582 A
W 7826 Z
W 3225 Y
W 3064 X
W 1389 W
W 1200 V
W 9178 U
W 7914 T
W 204 S
W 4465 R
W 1992 Q
W 5053 P
W 2957 O
W 2747 N
W 1541 M
W 5478 L
W 6476 K
W 3197 J
W 4822 I
W 9250 H
W 7815 G
W 967 F
W 4259 E
W 4105 D
W 9531 C
W 3561 B
W 1955 A
X 7943 Z
X 5289 Y
X 9782 X
X 1330 W
X 5270 V
X 8859 U
X 4552 T
X 1802 S
X 2815 R
X 5286 Q
X 4906 P
X 5716 O
X 7077 N
X 8506 M
X 3866 L
X 754 K
X 8216 J
X 7106 I
X 5290 H
X 845 G
X 8393 F
X 8640 E
X 9237 D
X 2534 C
X 976 B
X 3777 A
Y 1593 Z
Y 9753 Y
Y 3438 X
Y 7050 W
Y 9856 V
Y 4535 U
Y 1467 T
Y 9284 S
Y 8523 R
Y 5581 Q
Y 3309 P
Y 8510 O
Y 9905 N
Y 4750 M
Y 745 L
Y 1369 K
Y 5144 J
Y 1649 I
Y 4008 H
Y 387 G
Y 9334 F
Y 3002 E
Y 6792 D
Y 8384 C
Y 8367 B
Y 8014 A
Z 6449 Z
Z 6477 Y
Z 7336 X
Z 4556 W
Z 4443 V
Z 6029 U
Z 4210 T
Z 8100 S
Z 1168 R
Z 6177 Q
Z 8242 P
Z 1425 O
Z 8641 N
Z 5656 M
Z 9381 L
Z 954 K
Z 9285 J
Z 429 I
Z 5212 H
Z 8324 G
Z 9913 F
Z 411 E
Z 3176 D
Z 117 C
Z 9863 B
Z 7799 A
